<?xml version="1.0" encoding="UTF-8"?>
<!-- Generated by org.testng.reporters.JUnitReportReporter -->
<testsuite skipped="0" hostname="SEZ-DESK-191" name="com.test.Democlass" tests="1" failures="0" timestamp="08 Aug 2019 06:56:33 GMT" time="6.776" errors="0">
  <testcase name="checktitle" time="6.776" classname="com.test.Democlass"/>
</testsuite> <!-- com.test.Democlass -->
